┌─────────────────────────────────────┐
│┌───────────────────────────────────┐│
││    Query Profiling Information    ││
│└───────────────────────────────────┘│
└─────────────────────────────────────┘
 SELECT     l_linenumber, l_extendedprice, o_orderkey, o_totalprice, c_name FROM     customer     JOIN orders ON (c_custkey=o_custkey)     JOIN lineitem ON (l_orderkey=o_orderkey) WHERE     c_mktsegment = 'BUILDING' AND o_totalprice < 1000 
┌─────────────────────────────────────┐
│┌───────────────────────────────────┐│
││        Total Time: 0.0083s        ││
│└───────────────────────────────────┘│
└─────────────────────────────────────┘
┌───────────────────────────┐                                                          
│      RESULT_COLLECTOR     │                                                          
│   ─ ─ ─ ─ ─ ─ ─ ─ ─ ─ ─   │                                                          
│             0             │                                                          
│          (0.00s)          │                                                          
└─────────────┬─────────────┘                                                                                       
┌─────────────┴─────────────┐                                                          
│         PROJECTION        │                                                          
│   ─ ─ ─ ─ ─ ─ ─ ─ ─ ─ ─   │                                                          
│        l_linenumber       │                                                          
│      l_extendedprice      │                                                          
│         o_orderkey        │                                                          
│        o_totalprice       │                                                          
│           c_name          │                                                          
│   ─ ─ ─ ─ ─ ─ ─ ─ ─ ─ ─   │                                                          
│             17            │                                                          
│          (0.00s)          │                                                          
└─────────────┬─────────────┘                                                                                       
┌─────────────┴─────────────┐                                                          
│         HASH_JOIN         │                                                          
│   ─ ─ ─ ─ ─ ─ ─ ─ ─ ─ ─   │                                                          
│           INNER           │                                                          
│  l_orderkey = o_orderkey  │                                                          
│   ─ ─ ─ ─ ─ ─ ─ ─ ─ ─ ─   ├──────────────┐                                           
│         EC: 28377         │              │                                           
│   ─ ─ ─ ─ ─ ─ ─ ─ ─ ─ ─   │              │                                           
│             17            │              │                                           
│          (0.01s)          │              │                                           
└─────────────┬─────────────┘              │                                                                        
┌─────────────┴─────────────┐┌─────────────┴─────────────┐                             
│         SEQ_SCAN          ││         HASH_JOIN         │                             
│   ─ ─ ─ ─ ─ ─ ─ ─ ─ ─ ─   ││   ─ ─ ─ ─ ─ ─ ─ ─ ─ ─ ─   │                             
│          lineitem         ││           INNER           │                             
│   ─ ─ ─ ─ ─ ─ ─ ─ ─ ─ ─   ││   o_custkey = c_custkey   │                             
│         l_orderkey        ││   ─ ─ ─ ─ ─ ─ ─ ─ ─ ─ ─   │                             
│        l_linenumber       ││          EC: 6904         │                             
│      l_extendedprice      ││   ─ ─ ─ ─ ─ ─ ─ ─ ─ ─ ─   ├──────────────┐              
│   ─ ─ ─ ─ ─ ─ ─ ─ ─ ─ ─   ││             17            │              │              
│        EC: 1199969        ││          (0.00s)          │              │              
│   ─ ─ ─ ─ ─ ─ ─ ─ ─ ─ ─   ││                           │              │              
│          1199969          ││                           │              │              
│          (0.01s)          ││                           │              │              
└───────────────────────────┘└─────────────┬─────────────┘              │                                           
                             ┌─────────────┴─────────────┐┌─────────────┴─────────────┐
                             │         SEQ_SCAN          ││           FILTER          │
                             │   ─ ─ ─ ─ ─ ─ ─ ─ ─ ─ ─   ││   ─ ─ ─ ─ ─ ─ ─ ─ ─ ─ ─   │
                             │           orders          ││    (c_custkey <= 29999)   │
                             │   ─ ─ ─ ─ ─ ─ ─ ─ ─ ─ ─   ││   ─ ─ ─ ─ ─ ─ ─ ─ ─ ─ ─   │
                             │         o_custkey         ││          EC: 6000         │
                             │         o_orderkey        ││   ─ ─ ─ ─ ─ ─ ─ ─ ─ ─ ─   │
                             │        o_totalprice       ││            6106           │
                             │   ─ ─ ─ ─ ─ ─ ─ ─ ─ ─ ─   ││          (0.00s)          │
                             │ Filters: o_totalprice<1000││                           │
                             │.00 AND o_totalprice IS NOT││                           │
                             │            NULL           ││                           │
                             │   ─ ─ ─ ─ ─ ─ ─ ─ ─ ─ ─   ││                           │
                             │         EC: 60000         ││                           │
                             │   ─ ─ ─ ─ ─ ─ ─ ─ ─ ─ ─   ││                           │
                             │             84            ││                           │
                             │          (0.00s)          ││                           │
                             └───────────────────────────┘└─────────────┬─────────────┘                             
                                                          ┌─────────────┴─────────────┐
                                                          │         SEQ_SCAN          │
                                                          │   ─ ─ ─ ─ ─ ─ ─ ─ ─ ─ ─   │
                                                          │          customer         │
                                                          │   ─ ─ ─ ─ ─ ─ ─ ─ ─ ─ ─   │
                                                          │         c_custkey         │
                                                          │           c_name          │
                                                          │   ─ ─ ─ ─ ─ ─ ─ ─ ─ ─ ─   │
                                                          │   Filters: c_mktsegment   │
                                                          │=BUILDING AND c_mktseg...  │
                                                          │            NULL           │
                                                          │   ─ ─ ─ ─ ─ ─ ─ ─ ─ ─ ─   │
                                                          │          EC: 6000         │
                                                          │   ─ ─ ─ ─ ─ ─ ─ ─ ─ ─ ─   │
                                                          │            6107           │
                                                          │          (0.00s)          │
                                                          └───────────────────────────┘                             
