┌─────────────────────────────────────┐
│┌───────────────────────────────────┐│
││    Query Profiling Information    ││
│└───────────────────────────────────┘│
└─────────────────────────────────────┘
 SELECT     l_orderkey,     sum(l_extendedprice * (1 - l_discount)) AS revenue,     o_orderdate,     o_shippriority FROM     customer     JOIN orders ON (c_custkey=o_custkey)     JOIN lineitem ON (l_orderkey=o_orderkey) WHERE     c_mktsegment = 'BUILDING'     AND o_orderdate < CAST('1995-03-15' AS date)     AND l_shipdate > CAST('1995-03-15' AS date) GROUP BY     l_orderkey,     o_orderdate,     o_shippriority ORDER BY     revenue DESC,     o_orderdate LIMIT 50; 
┌─────────────────────────────────────┐
│┌───────────────────────────────────┐│
││        Total Time: 0.0278s        ││
│└───────────────────────────────────┘│
└─────────────────────────────────────┘
┌───────────────────────────┐                                                          
│      RESULT_COLLECTOR     │                                                          
│   ─ ─ ─ ─ ─ ─ ─ ─ ─ ─ ─   │                                                          
│             0             │                                                          
│          (0.00s)          │                                                          
└─────────────┬─────────────┘                                                                                       
┌─────────────┴─────────────┐                                                          
│           TOP_N           │                                                          
│   ─ ─ ─ ─ ─ ─ ─ ─ ─ ─ ─   │                                                          
│           Top 50          │                                                          
│   ─ ─ ─ ─ ─ ─ ─ ─ ─ ─ ─   │                                                          
│       sum((lineitem       │                                                          
│.l_extendedprice * (1 ...  │                                                          
│    .l_discount))) DESC    │                                                          
│   orders.o_orderdate ASC  │                                                          
│   ─ ─ ─ ─ ─ ─ ─ ─ ─ ─ ─   │                                                          
│             0             │                                                          
│          (0.00s)          │                                                          
└─────────────┬─────────────┘                                                                                       
┌─────────────┴─────────────┐                                                          
│         PROJECTION        │                                                          
│   ─ ─ ─ ─ ─ ─ ─ ─ ─ ─ ─   │                                                          
│         l_orderkey        │                                                          
│          revenue          │                                                          
│        o_orderdate        │                                                          
│       o_shippriority      │                                                          
│   ─ ─ ─ ─ ─ ─ ─ ─ ─ ─ ─   │                                                          
│            1216           │                                                          
│          (0.00s)          │                                                          
└─────────────┬─────────────┘                                                                                       
┌─────────────┴─────────────┐                                                          
│         PROJECTION        │                                                          
│   ─ ─ ─ ─ ─ ─ ─ ─ ─ ─ ─   │                                                          
│             #0            │                                                          
│             #1            │                                                          
│__internal_decompress_integ│                                                          
│     ral_integer(#2, 0)    │                                                          
│             #3            │                                                          
│   ─ ─ ─ ─ ─ ─ ─ ─ ─ ─ ─   │                                                          
│            1216           │                                                          
│          (0.00s)          │                                                          
└─────────────┬─────────────┘                                                                                       
┌─────────────┴─────────────┐                                                          
│       HASH_GROUP_BY       │                                                          
│   ─ ─ ─ ─ ─ ─ ─ ─ ─ ─ ─   │                                                          
│             #0            │                                                          
│             #1            │                                                          
│             #2            │                                                          
│          sum(#3)          │                                                          
│   ─ ─ ─ ─ ─ ─ ─ ─ ─ ─ ─   │                                                          
│            1216           │                                                          
│          (0.02s)          │                                                          
└─────────────┬─────────────┘                                                                                       
┌─────────────┴─────────────┐                                                          
│         PROJECTION        │                                                          
│   ─ ─ ─ ─ ─ ─ ─ ─ ─ ─ ─   │                                                          
│         l_orderkey        │                                                          
│        o_orderdate        │                                                          
│       o_shippriority      │                                                          
│ (l_extendedprice * (1.00 -│                                                          
│        l_discount))       │                                                          
│   ─ ─ ─ ─ ─ ─ ─ ─ ─ ─ ─   │                                                          
│           212544          │                                                          
│          (0.00s)          │                                                          
└─────────────┬─────────────┘                                                                                       
┌─────────────┴─────────────┐                                                          
│         PROJECTION        │                                                          
│   ─ ─ ─ ─ ─ ─ ─ ─ ─ ─ ─   │                                                          
│             #0            │                                                          
│             #1            │                                                          
│             #2            │                                                          
│             #3            │                                                          
│             #4            │                                                          
│__internal_compress_integra│                                                          
│     l_utinyint(#5, 0)     │                                                          
│   ─ ─ ─ ─ ─ ─ ─ ─ ─ ─ ─   │                                                          
│           212544          │                                                          
│          (0.00s)          │                                                          
└─────────────┬─────────────┘                                                                                       
┌─────────────┴─────────────┐                                                          
│         HASH_JOIN         │                                                          
│   ─ ─ ─ ─ ─ ─ ─ ─ ─ ─ ─   │                                                          
│           INNER           │                                                          
│  l_orderkey = o_orderkey  │                                                          
│   ─ ─ ─ ─ ─ ─ ─ ─ ─ ─ ─   ├──────────────┐                                           
│        EC: 3534013        │              │                                           
│   ─ ─ ─ ─ ─ ─ ─ ─ ─ ─ ─   │              │                                           
│           212544          │              │                                           
│          (0.10s)          │              │                                           
└─────────────┬─────────────┘              │                                                                        
┌─────────────┴─────────────┐┌─────────────┴─────────────┐                             
│         SEQ_SCAN          ││         HASH_JOIN         │                             
│   ─ ─ ─ ─ ─ ─ ─ ─ ─ ─ ─   ││   ─ ─ ─ ─ ─ ─ ─ ─ ─ ─ ─   │                             
│          lineitem         ││           INNER           │                             
│   ─ ─ ─ ─ ─ ─ ─ ─ ─ ─ ─   ││   o_custkey = c_custkey   │                             
│         l_orderkey        ││   ─ ─ ─ ─ ─ ─ ─ ─ ─ ─ ─   │                             
│      l_extendedprice      ││         EC: 171346        │                             
│         l_discount        ││   ─ ─ ─ ─ ─ ─ ─ ─ ─ ─ ─   │                             
│   ─ ─ ─ ─ ─ ─ ─ ─ ─ ─ ─   ││           243584          │                             
│Filters: l_shipdate>1995-03││          (0.01s)          ├──────────────┐              
│ -15 AND l_shipdate IS NOT ││                           │              │              
│            NULL           ││                           │              │              
│   ─ ─ ─ ─ ─ ─ ─ ─ ─ ─ ─   ││                           │              │              
│         EC: 480457        ││                           │              │              
│   ─ ─ ─ ─ ─ ─ ─ ─ ─ ─ ─   ││                           │              │              
│          1297288          ││                           │              │              
│          (0.02s)          ││                           │              │              
└───────────────────────────┘└─────────────┬─────────────┘              │                                           
                             ┌─────────────┴─────────────┐┌─────────────┴─────────────┐
                             │         SEQ_SCAN          ││           FILTER          │
                             │   ─ ─ ─ ─ ─ ─ ─ ─ ─ ─ ─   ││   ─ ─ ─ ─ ─ ─ ─ ─ ─ ─ ─   │
                             │           orders          ││    (c_custkey <= 14999)   │
                             │   ─ ─ ─ ─ ─ ─ ─ ─ ─ ─ ─   ││   ─ ─ ─ ─ ─ ─ ─ ─ ─ ─ ─   │
                             │         o_custkey         ││         EC: 12000         │
                             │         o_orderkey        ││   ─ ─ ─ ─ ─ ─ ─ ─ ─ ─ ─   │
                             │        o_orderdate        ││           12444           │
                             │       o_shippriority      ││          (0.00s)          │
                             │   ─ ─ ─ ─ ─ ─ ─ ─ ─ ─ ─   ││                           │
                             │ Filters: o_orderdate<1995 ││                           │
                             │-03-15 AND o_orderdate...  ││                           │
                             │            NULL           ││                           │
                             │   ─ ─ ─ ─ ─ ─ ─ ─ ─ ─ ─   ││                           │
                             │         EC: 120000        ││                           │
                             │   ─ ─ ─ ─ ─ ─ ─ ─ ─ ─ ─   ││                           │
                             │           290712          ││                           │
                             │          (0.00s)          ││                           │
                             └───────────────────────────┘└─────────────┬─────────────┘                             
                                                          ┌─────────────┴─────────────┐
                                                          │         SEQ_SCAN          │
                                                          │   ─ ─ ─ ─ ─ ─ ─ ─ ─ ─ ─   │
                                                          │          customer         │
                                                          │   ─ ─ ─ ─ ─ ─ ─ ─ ─ ─ ─   │
                                                          │         c_custkey         │
                                                          │   ─ ─ ─ ─ ─ ─ ─ ─ ─ ─ ─   │
                                                          │   Filters: c_mktsegment   │
                                                          │=BUILDING AND c_mktseg...  │
                                                          │            NULL           │
                                                          │   ─ ─ ─ ─ ─ ─ ─ ─ ─ ─ ─   │
                                                          │         EC: 12000         │
                                                          │   ─ ─ ─ ─ ─ ─ ─ ─ ─ ─ ─   │
                                                          │           12444           │
                                                          │          (0.00s)          │
                                                          └───────────────────────────┘                             
